{"D:\\work\\model-runner-plugin\\src\\ConfigManager.ts": {"path":"D:\\work\\model-runner-plugin\\src\\ConfigManager.ts","statementMap":{"0":{"start":{"line":1,"column":0},"end":{"line":1,"column":25}},"1":{"start":{"line":2,"column":0},"end":{"line":2,"column":29}},"2":{"start":{"line":28,"column":10},"end":{"line":28,"column":45}},"3":{"start":{"line":31,"column":4},"end":{"line":31,"column":58}},"4":{"start":{"line":38,"column":4},"end":{"line":49,"column":5}},"5":{"start":{"line":39,"column":6},"end":{"line":41,"column":7}},"6":{"start":{"line":40,"column":8},"end":{"line":40,"column":55}},"7":{"start":{"line":43,"column":22},"end":{"line":43,"column":63}},"8":{"start":{"line":44,"column":6},"end":{"line":44,"column":40}},"9":{"start":{"line":45,"column":6},"end":{"line":45,"column":26}},"10":{"start":{"line":47,"column":6},"end":{"line":47,"column":38}},"11":{"start":{"line":48,"column":6},"end":{"line":48,"column":18}},"12":{"start":{"line":56,"column":4},"end":{"line":63,"column":5}},"13":{"start":{"line":57,"column":22},"end":{"line":57,"column":53}},"14":{"start":{"line":58,"column":6},"end":{"line":58,"column":58}},"15":{"start":{"line":59,"column":6},"end":{"line":59,"column":27}},"16":{"start":{"line":61,"column":6},"end":{"line":61,"column":38}},"17":{"start":{"line":62,"column":6},"end":{"line":62,"column":18}},"18":{"start":{"line":70,"column":4},"end":{"line":70,"column":23}},"19":{"start":{"line":77,"column":4},"end":{"line":77,"column":32}},"20":{"start":{"line":77,"column":22},"end":{"line":77,"column":32}},"21":{"start":{"line":79,"column":4},"end":{"line":83,"column":8}},"22":{"start":{"line":79,"column":72},"end":{"line":83,"column":6}},"23":{"start":{"line":90,"column":4},"end":{"line":90,"column":44}},"24":{"start":{"line":97,"column":4},"end":{"line":99,"column":5}},"25":{"start":{"line":98,"column":6},"end":{"line":98,"column":31}},"26":{"start":{"line":101,"column":4},"end":{"line":103,"column":5}},"27":{"start":{"line":102,"column":6},"end":{"line":102,"column":45}},"28":{"start":{"line":105,"column":4},"end":{"line":105,"column":43}},"29":{"start":{"line":106,"column":4},"end":{"line":106,"column":33}},"30":{"start":{"line":113,"column":4},"end":{"line":115,"column":5}},"31":{"start":{"line":114,"column":6},"end":{"line":114,"column":31}},"32":{"start":{"line":117,"column":4},"end":{"line":119,"column":5}},"33":{"start":{"line":118,"column":6},"end":{"line":118,"column":45}},"34":{"start":{"line":121,"column":4},"end":{"line":121,"column":54}},"35":{"start":{"line":122,"column":4},"end":{"line":122,"column":33}},"36":{"start":{"line":129,"column":4},"end":{"line":131,"column":5}},"37":{"start":{"line":130,"column":6},"end":{"line":130,"column":31}},"38":{"start":{"line":133,"column":4},"end":{"line":135,"column":5}},"39":{"start":{"line":134,"column":6},"end":{"line":134,"column":45}},"40":{"start":{"line":137,"column":4},"end":{"line":137,"column":28}},"41":{"start":{"line":138,"column":4},"end":{"line":138,"column":33}},"42":{"start":{"line":145,"column":4},"end":{"line":145,"column":37}},"43":{"start":{"line":26,"column":0},"end":{"line":26,"column":13}}},"fnMap":{"0":{"name":"(anonymous_9)","decl":{"start":{"line":30,"column":2},"end":{"line":30,"column":14}},"loc":{"start":{"line":30,"column":31},"end":{"line":32,"column":3}}},"1":{"name":"(anonymous_10)","decl":{"start":{"line":37,"column":2},"end":{"line":37,"column":7}},"loc":{"start":{"line":37,"column":12},"end":{"line":50,"column":3}}},"2":{"name":"(anonymous_11)","decl":{"start":{"line":55,"column":2},"end":{"line":55,"column":7}},"loc":{"start":{"line":55,"column":33},"end":{"line":64,"column":3}}},"3":{"name":"(anonymous_12)","decl":{"start":{"line":69,"column":2},"end":{"line":69,"column":11}},"loc":{"start":{"line":69,"column":11},"end":{"line":71,"column":3}}},"4":{"name":"(anonymous_13)","decl":{"start":{"line":76,"column":2},"end":{"line":76,"column":12}},"loc":{"start":{"line":76,"column":12},"end":{"line":84,"column":3}}},"5":{"name":"(anonymous_14)","decl":{"start":{"line":79,"column":51},"end":{"line":79,"column":52}},"loc":{"start":{"line":79,"column":72},"end":{"line":83,"column":6}}},"6":{"name":"(anonymous_15)","decl":{"start":{"line":89,"column":2},"end":{"line":89,"column":18}},"loc":{"start":{"line":89,"column":18},"end":{"line":91,"column":3}}},"7":{"name":"(anonymous_16)","decl":{"start":{"line":96,"column":2},"end":{"line":96,"column":7}},"loc":{"start":{"line":96,"column":39},"end":{"line":107,"column":3}}},"8":{"name":"(anonymous_17)","decl":{"start":{"line":112,"column":2},"end":{"line":112,"column":7}},"loc":{"start":{"line":112,"column":57},"end":{"line":123,"column":3}}},"9":{"name":"(anonymous_18)","decl":{"start":{"line":128,"column":2},"end":{"line":128,"column":7}},"loc":{"start":{"line":128,"column":31},"end":{"line":139,"column":3}}},"10":{"name":"(anonymous_19)","decl":{"start":{"line":144,"column":2},"end":{"line":144,"column":9}},"loc":{"start":{"line":144,"column":9},"end":{"line":146,"column":3}}}},"branchMap":{"0":{"loc":{"start":{"line":39,"column":6},"end":{"line":41,"column":7}},"type":"if","locations":[{"start":{"line":39,"column":6},"end":{"line":41,"column":7}},{"start":{},"end":{}}]},"1":{"loc":{"start":{"line":77,"column":4},"end":{"line":77,"column":32}},"type":"if","locations":[{"start":{"line":77,"column":4},"end":{"line":77,"column":32}},{"start":{},"end":{}}]},"2":{"loc":{"start":{"line":90,"column":11},"end":{"line":90,"column":43}},"type":"binary-expr","locations":[{"start":{"line":90,"column":11},"end":{"line":90,"column":37}},{"start":{"line":90,"column":41},"end":{"line":90,"column":43}}]},"3":{"loc":{"start":{"line":97,"column":4},"end":{"line":99,"column":5}},"type":"if","locations":[{"start":{"line":97,"column":4},"end":{"line":99,"column":5}},{"start":{},"end":{}}]},"4":{"loc":{"start":{"line":101,"column":4},"end":{"line":103,"column":5}},"type":"if","locations":[{"start":{"line":101,"column":4},"end":{"line":103,"column":5}},{"start":{},"end":{}}]},"5":{"loc":{"start":{"line":113,"column":4},"end":{"line":115,"column":5}},"type":"if","locations":[{"start":{"line":113,"column":4},"end":{"line":115,"column":5}},{"start":{},"end":{}}]},"6":{"loc":{"start":{"line":117,"column":4},"end":{"line":119,"column":5}},"type":"if","locations":[{"start":{"line":117,"column":4},"end":{"line":119,"column":5}},{"start":{},"end":{}}]},"7":{"loc":{"start":{"line":129,"column":4},"end":{"line":131,"column":5}},"type":"if","locations":[{"start":{"line":129,"column":4},"end":{"line":131,"column":5}},{"start":{},"end":{}}]},"8":{"loc":{"start":{"line":133,"column":4},"end":{"line":135,"column":5}},"type":"if","locations":[{"start":{"line":133,"column":4},"end":{"line":135,"column":5}},{"start":{},"end":{}}]},"9":{"loc":{"start":{"line":133,"column":8},"end":{"line":133,"column":35}},"type":"binary-expr","locations":[{"start":{"line":133,"column":8},"end":{"line":133,"column":19}},{"start":{"line":133,"column":23},"end":{"line":133,"column":35}}]},"10":{"loc":{"start":{"line":145,"column":11},"end":{"line":145,"column":36}},"type":"binary-expr","locations":[{"start":{"line":145,"column":11},"end":{"line":145,"column":28}},{"start":{"line":145,"column":32},"end":{"line":145,"column":36}}]}},"s":{"0":1,"1":1,"2":26,"3":26,"4":19,"5":19,"6":2,"7":17,"8":17,"9":16,"10":3,"11":3,"12":9,"13":9,"14":9,"15":8,"16":1,"17":1,"18":4,"19":4,"20":1,"21":3,"22":6,"23":5,"24":3,"25":0,"26":3,"27":2,"28":1,"29":1,"30":2,"31":0,"32":2,"33":0,"34":2,"35":2,"36":7,"37":0,"38":7,"39":4,"40":3,"41":3,"42":3,"43":1},"f":{"0":26,"1":19,"2":9,"3":4,"4":4,"5":6,"6":5,"7":3,"8":2,"9":7,"10":3},"b":{"0":[2,17],"1":[1,3],"2":[5,1],"3":[0,3],"4":[2,1],"5":[0,2],"6":[0,2],"7":[0,7],"8":[4,3],"9":[7,4],"10":[3,0]}}
,"D:\\work\\model-runner-plugin\\src\\ModelRunnerView.ts": {"path":"D:\\work\\model-runner-plugin\\src\\ModelRunnerView.ts","statementMap":{"0":{"start":{"line":1,"column":0},"end":{"line":1,"column":59}},"1":{"start":{"line":3,"column":0},"end":{"line":3,"column":41}},"2":{"start":{"line":5,"column":13},"end":{"line":5,"column":45}},"3":{"start":{"line":12,"column":4},"end":{"line":12,"column":16}},"4":{"start":{"line":11,"column":43},"end":{"line":11,"column":68}},"5":{"start":{"line":16,"column":4},"end":{"line":16,"column":21}},"6":{"start":{"line":20,"column":4},"end":{"line":20,"column":26}},"7":{"start":{"line":24,"column":4},"end":{"line":24,"column":17}},"8":{"start":{"line":28,"column":22},"end":{"line":28,"column":50}},"9":{"start":{"line":29,"column":4},"end":{"line":29,"column":27}},"10":{"start":{"line":29,"column":20},"end":{"line":29,"column":27}},"11":{"start":{"line":31,"column":4},"end":{"line":31,"column":22}},"12":{"start":{"line":32,"column":4},"end":{"line":32,"column":49}},"13":{"start":{"line":34,"column":4},"end":{"line":34,"column":48}},"14":{"start":{"line":35,"column":4},"end":{"line":35,"column":50}},"15":{"start":{"line":36,"column":4},"end":{"line":36,"column":48}},"16":{"start":{"line":37,"column":4},"end":{"line":37,"column":46}},"17":{"start":{"line":41,"column":19},"end":{"line":41,"column":70}},"18":{"start":{"line":42,"column":4},"end":{"line":42,"column":59}},"19":{"start":{"line":46,"column":19},"end":{"line":46,"column":71}},"20":{"start":{"line":48,"column":21},"end":{"line":51,"column":6}},"21":{"start":{"line":52,"column":4},"end":{"line":52,"column":55}},"22":{"start":{"line":52,"column":29},"end":{"line":52,"column":54}},"23":{"start":{"line":54,"column":20},"end":{"line":54,"column":64}},"24":{"start":{"line":55,"column":4},"end":{"line":55,"column":53}},"25":{"start":{"line":55,"column":28},"end":{"line":55,"column":52}},"26":{"start":{"line":57,"column":20},"end":{"line":57,"column":66}},"27":{"start":{"line":58,"column":4},"end":{"line":58,"column":89}},"28":{"start":{"line":58,"column":28},"end":{"line":58,"column":88}},"29":{"start":{"line":60,"column":22},"end":{"line":60,"column":66}},"30":{"start":{"line":61,"column":4},"end":{"line":64,"column":6}},"31":{"start":{"line":62,"column":6},"end":{"line":62,"column":31}},"32":{"start":{"line":63,"column":6},"end":{"line":63,"column":56}},"33":{"start":{"line":63,"column":23},"end":{"line":63,"column":48}},"34":{"start":{"line":68,"column":4},"end":{"line":68,"column":79}},"35":{"start":{"line":69,"column":4},"end":{"line":69,"column":25}},"36":{"start":{"line":73,"column":23},"end":{"line":73,"column":79}},"37":{"start":{"line":74,"column":4},"end":{"line":74,"column":51}},"38":{"start":{"line":76,"column":24},"end":{"line":76,"column":69}},"39":{"start":{"line":77,"column":21},"end":{"line":80,"column":6}},"40":{"start":{"line":81,"column":4},"end":{"line":81,"column":46}},"41":{"start":{"line":81,"column":29},"end":{"line":81,"column":45}},"42":{"start":{"line":83,"column":4},"end":{"line":83,"column":74}},"43":{"start":{"line":84,"column":4},"end":{"line":84,"column":50}},"44":{"start":{"line":88,"column":4},"end":{"line":88,"column":33}},"45":{"start":{"line":89,"column":4},"end":{"line":89,"column":61}},"46":{"start":{"line":91,"column":19},"end":{"line":91,"column":57}},"47":{"start":{"line":93,"column":4},"end":{"line":99,"column":5}},"48":{"start":{"line":94,"column":6},"end":{"line":97,"column":9}},"49":{"start":{"line":98,"column":6},"end":{"line":98,"column":13}},"50":{"start":{"line":102,"column":26},"end":{"line":102,"column":71}},"51":{"start":{"line":103,"column":22},"end":{"line":103,"column":76}},"52":{"start":{"line":104,"column":4},"end":{"line":104,"column":71}},"53":{"start":{"line":105,"column":4},"end":{"line":105,"column":58}},"54":{"start":{"line":108,"column":20},"end":{"line":108,"column":74}},"55":{"start":{"line":109,"column":4},"end":{"line":109,"column":68}},"56":{"start":{"line":110,"column":4},"end":{"line":110,"column":76}},"57":{"start":{"line":113,"column":25},"end":{"line":113,"column":79}},"58":{"start":{"line":114,"column":4},"end":{"line":114,"column":75}},"59":{"start":{"line":115,"column":4},"end":{"line":117,"column":7}},"60":{"start":{"line":120,"column":19},"end":{"line":120,"column":72}},"61":{"start":{"line":121,"column":4},"end":{"line":124,"column":7}},"62":{"start":{"line":128,"column":4},"end":{"line":128,"column":35}},"63":{"start":{"line":128,"column":28},"end":{"line":128,"column":35}},"64":{"start":{"line":130,"column":17},"end":{"line":130,"column":65}},"65":{"start":{"line":131,"column":17},"end":{"line":131,"column":74}},"66":{"start":{"line":132,"column":4},"end":{"line":132,"column":55}},"67":{"start":{"line":133,"column":4},"end":{"line":133,"column":41}},"68":{"start":{"line":136,"column":4},"end":{"line":136,"column":65}},"69":{"start":{"line":139,"column":18},"end":{"line":139,"column":65}},"70":{"start":{"line":140,"column":4},"end":{"line":142,"column":5}},"71":{"start":{"line":141,"column":6},"end":{"line":141,"column":25}},"72":{"start":{"line":146,"column":4},"end":{"line":146,"column":30}},"73":{"start":{"line":147,"column":4},"end":{"line":147,"column":36}},"74":{"start":{"line":7,"column":0},"end":{"line":7,"column":13}}},"fnMap":{"0":{"name":"(anonymous_0)","decl":{"start":{"line":11,"column":2},"end":{"line":11,"column":14}},"loc":{"start":{"line":11,"column":68},"end":{"line":13,"column":3}}},"1":{"name":"(anonymous_1)","decl":{"start":{"line":15,"column":2},"end":{"line":15,"column":13}},"loc":{"start":{"line":15,"column":13},"end":{"line":17,"column":3}}},"2":{"name":"(anonymous_2)","decl":{"start":{"line":19,"column":2},"end":{"line":19,"column":16}},"loc":{"start":{"line":19,"column":16},"end":{"line":21,"column":3}}},"3":{"name":"(anonymous_3)","decl":{"start":{"line":23,"column":2},"end":{"line":23,"column":9}},"loc":{"start":{"line":23,"column":9},"end":{"line":25,"column":3}}},"4":{"name":"(anonymous_4)","decl":{"start":{"line":27,"column":2},"end":{"line":27,"column":7}},"loc":{"start":{"line":27,"column":14},"end":{"line":38,"column":3}}},"5":{"name":"(anonymous_5)","decl":{"start":{"line":40,"column":10},"end":{"line":40,"column":22}},"loc":{"start":{"line":40,"column":45},"end":{"line":43,"column":3}}},"6":{"name":"(anonymous_6)","decl":{"start":{"line":45,"column":10},"end":{"line":45,"column":24}},"loc":{"start":{"line":45,"column":47},"end":{"line":65,"column":3}}},"7":{"name":"(anonymous_7)","decl":{"start":{"line":52,"column":23},"end":{"line":52,"column":26}},"loc":{"start":{"line":52,"column":29},"end":{"line":52,"column":54}}},"8":{"name":"(anonymous_8)","decl":{"start":{"line":55,"column":22},"end":{"line":55,"column":25}},"loc":{"start":{"line":55,"column":28},"end":{"line":55,"column":52}}},"9":{"name":"(anonymous_9)","decl":{"start":{"line":58,"column":22},"end":{"line":58,"column":25}},"loc":{"start":{"line":58,"column":28},"end":{"line":58,"column":88}}},"10":{"name":"(anonymous_10)","decl":{"start":{"line":61,"column":24},"end":{"line":61,"column":29}},"loc":{"start":{"line":61,"column":35},"end":{"line":64,"column":5}}},"11":{"name":"(anonymous_11)","decl":{"start":{"line":63,"column":17},"end":{"line":63,"column":20}},"loc":{"start":{"line":63,"column":23},"end":{"line":63,"column":48}}},"12":{"name":"(anonymous_12)","decl":{"start":{"line":67,"column":10},"end":{"line":67,"column":22}},"loc":{"start":{"line":67,"column":45},"end":{"line":70,"column":3}}},"13":{"name":"(anonymous_13)","decl":{"start":{"line":72,"column":10},"end":{"line":72,"column":20}},"loc":{"start":{"line":72,"column":43},"end":{"line":85,"column":3}}},"14":{"name":"(anonymous_14)","decl":{"start":{"line":81,"column":23},"end":{"line":81,"column":26}},"loc":{"start":{"line":81,"column":29},"end":{"line":81,"column":45}}},"15":{"name":"(anonymous_15)","decl":{"start":{"line":87,"column":2},"end":{"line":87,"column":15}},"loc":{"start":{"line":87,"column":15},"end":{"line":125,"column":3}}},"16":{"name":"(anonymous_16)","decl":{"start":{"line":127,"column":2},"end":{"line":127,"column":11}},"loc":{"start":{"line":127,"column":66},"end":{"line":143,"column":3}}},"17":{"name":"(anonymous_17)","decl":{"start":{"line":145,"column":2},"end":{"line":145,"column":11}},"loc":{"start":{"line":145,"column":11},"end":{"line":148,"column":3}}},"18":{"name":"(anonymous_18)","decl":{"start":{"line":150,"column":2},"end":{"line":150,"column":7}},"loc":{"start":{"line":150,"column":15},"end":{"line":152,"column":3}}}},"branchMap":{"0":{"loc":{"start":{"line":29,"column":4},"end":{"line":29,"column":27}},"type":"if","locations":[{"start":{"line":29,"column":4},"end":{"line":29,"column":27}},{"start":{},"end":{}}]},"1":{"loc":{"start":{"line":93,"column":4},"end":{"line":99,"column":5}},"type":"if","locations":[{"start":{"line":93,"column":4},"end":{"line":99,"column":5}},{"start":{},"end":{}}]},"2":{"loc":{"start":{"line":116,"column":12},"end":{"line":116,"column":60}},"type":"cond-expr","locations":[{"start":{"line":116,"column":45},"end":{"line":116,"column":51}},{"start":{"line":116,"column":54},"end":{"line":116,"column":60}}]},"3":{"loc":{"start":{"line":127,"column":25},"end":{"line":127,"column":66}},"type":"default-arg","locations":[{"start":{"line":127,"column":60},"end":{"line":127,"column":66}}]},"4":{"loc":{"start":{"line":128,"column":4},"end":{"line":128,"column":35}},"type":"if","locations":[{"start":{"line":128,"column":4},"end":{"line":128,"column":35}},{"start":{},"end":{}}]},"5":{"loc":{"start":{"line":140,"column":4},"end":{"line":142,"column":5}},"type":"if","locations":[{"start":{"line":140,"column":4},"end":{"line":142,"column":5}},{"start":{},"end":{}}]}},"s":{"0":1,"1":1,"2":1,"3":15,"4":15,"5":1,"6":1,"7":1,"8":10,"9":10,"10":0,"11":10,"12":10,"13":10,"14":10,"15":10,"16":10,"17":10,"18":10,"19":10,"20":10,"21":10,"22":0,"23":10,"24":10,"25":0,"26":10,"27":10,"28":0,"29":10,"30":10,"31":0,"32":0,"33":0,"34":10,"35":10,"36":10,"37":10,"38":10,"39":10,"40":10,"41":0,"42":10,"43":10,"44":11,"45":11,"46":11,"47":11,"48":11,"49":11,"50":0,"51":0,"52":0,"53":0,"54":0,"55":0,"56":0,"57":0,"58":0,"59":0,"60":0,"61":0,"62":270,"63":1,"64":269,"65":269,"66":269,"67":269,"68":269,"69":269,"70":269,"71":0,"72":1,"73":1,"74":1},"f":{"0":15,"1":1,"2":1,"3":1,"4":10,"5":10,"6":10,"7":0,"8":0,"9":0,"10":0,"11":0,"12":10,"13":10,"14":0,"15":11,"16":270,"17":1,"18":1},"b":{"0":[0,10],"1":[11,0],"2":[0,0],"3":[0],"4":[1,269],"5":[0,269]}}
,"D:\\work\\model-runner-plugin\\src\\ProcessManager.ts": {"path":"D:\\work\\model-runner-plugin\\src\\ProcessManager.ts","statementMap":{"0":{"start":{"line":1,"column":0},"end":{"line":1,"column":34}},"1":{"start":{"line":2,"column":0},"end":{"line":2,"column":52}},"2":{"start":{"line":3,"column":0},"end":{"line":3,"column":29}},"3":{"start":{"line":4,"column":0},"end":{"line":4,"column":25}},"4":{"start":{"line":5,"column":0},"end":{"line":5,"column":52}},"5":{"start":{"line":14,"column":12},"end":{"line":14,"column":29}},"6":{"start":{"line":15,"column":12},"end":{"line":15,"column":74}},"7":{"start":{"line":16,"column":12},"end":{"line":16,"column":54}},"8":{"start":{"line":8,"column":10},"end":{"line":8,"column":46}},"9":{"start":{"line":9,"column":10},"end":{"line":9,"column":37}},"10":{"start":{"line":10,"column":10},"end":{"line":10,"column":35}},"11":{"start":{"line":11,"column":10},"end":{"line":11,"column":38}},"12":{"start":{"line":20,"column":4},"end":{"line":23,"column":5}},"13":{"start":{"line":21,"column":6},"end":{"line":21,"column":31}},"14":{"start":{"line":22,"column":6},"end":{"line":22,"column":19}},"15":{"start":{"line":25,"column":23},"end":{"line":25,"column":61}},"16":{"start":{"line":27,"column":4},"end":{"line":31,"column":5}},"17":{"start":{"line":28,"column":6},"end":{"line":28,"column":58}},"18":{"start":{"line":29,"column":6},"end":{"line":29,"column":39}},"19":{"start":{"line":30,"column":6},"end":{"line":30,"column":19}},"20":{"start":{"line":33,"column":4},"end":{"line":33,"column":37}},"21":{"start":{"line":34,"column":4},"end":{"line":34,"column":47}},"22":{"start":{"line":36,"column":4},"end":{"line":105,"column":7}},"23":{"start":{"line":37,"column":6},"end":{"line":41,"column":9}},"24":{"start":{"line":44,"column":21},"end":{"line":44,"column":26}},"25":{"start":{"line":46,"column":31},"end":{"line":56,"column":7}},"26":{"start":{"line":47,"column":8},"end":{"line":47,"column":29}},"27":{"start":{"line":47,"column":22},"end":{"line":47,"column":29}},"28":{"start":{"line":48,"column":8},"end":{"line":48,"column":24}},"29":{"start":{"line":49,"column":8},"end":{"line":49,"column":35}},"30":{"start":{"line":50,"column":8},"end":{"line":50,"column":30}},"31":{"start":{"line":51,"column":8},"end":{"line":51,"column":34}},"32":{"start":{"line":52,"column":8},"end":{"line":52,"column":38}},"33":{"start":{"line":53,"column":8},"end":{"line":53,"column":41}},"34":{"start":{"line":54,"column":8},"end":{"line":54,"column":33}},"35":{"start":{"line":55,"column":8},"end":{"line":55,"column":22}},"36":{"start":{"line":58,"column":31},"end":{"line":66,"column":7}},"37":{"start":{"line":59,"column":8},"end":{"line":59,"column":29}},"38":{"start":{"line":59,"column":22},"end":{"line":59,"column":29}},"39":{"start":{"line":60,"column":8},"end":{"line":60,"column":24}},"40":{"start":{"line":61,"column":8},"end":{"line":61,"column":35}},"41":{"start":{"line":62,"column":8},"end":{"line":62,"column":39}},"42":{"start":{"line":63,"column":8},"end":{"line":63,"column":32}},"43":{"start":{"line":64,"column":8},"end":{"line":64,"column":23}},"44":{"start":{"line":65,"column":8},"end":{"line":65,"column":23}},"45":{"start":{"line":69,"column":6},"end":{"line":69,"column":57}},"46":{"start":{"line":71,"column":6},"end":{"line":80,"column":9}},"47":{"start":{"line":72,"column":20},"end":{"line":72,"column":35}},"48":{"start":{"line":73,"column":8},"end":{"line":73,"column":32}},"49":{"start":{"line":74,"column":8},"end":{"line":74,"column":33}},"50":{"start":{"line":77,"column":8},"end":{"line":79,"column":9}},"51":{"start":{"line":77,"column":50},"end":{"line":77,"column":67}},"52":{"start":{"line":78,"column":10},"end":{"line":78,"column":29}},"53":{"start":{"line":82,"column":6},"end":{"line":86,"column":9}},"54":{"start":{"line":83,"column":20},"end":{"line":83,"column":35}},"55":{"start":{"line":84,"column":8},"end":{"line":84,"column":33}},"56":{"start":{"line":85,"column":8},"end":{"line":85,"column":46}},"57":{"start":{"line":88,"column":6},"end":{"line":98,"column":9}},"58":{"start":{"line":89,"column":8},"end":{"line":89,"column":31}},"59":{"start":{"line":90,"column":8},"end":{"line":90,"column":35}},"60":{"start":{"line":91,"column":8},"end":{"line":91,"column":69}},"61":{"start":{"line":93,"column":8},"end":{"line":95,"column":9}},"62":{"start":{"line":94,"column":10},"end":{"line":94,"column":41}},"63":{"start":{"line":97,"column":8},"end":{"line":97,"column":23}},"64":{"start":{"line":100,"column":6},"end":{"line":104,"column":9}},"65":{"start":{"line":101,"column":8},"end":{"line":101,"column":52}},"66":{"start":{"line":102,"column":8},"end":{"line":102,"column":45}},"67":{"start":{"line":103,"column":8},"end":{"line":103,"column":27}},"68":{"start":{"line":109,"column":4},"end":{"line":112,"column":5}},"69":{"start":{"line":110,"column":6},"end":{"line":110,"column":30}},"70":{"start":{"line":111,"column":6},"end":{"line":111,"column":13}},"71":{"start":{"line":114,"column":4},"end":{"line":114,"column":37}},"72":{"start":{"line":115,"column":4},"end":{"line":115,"column":33}},"73":{"start":{"line":116,"column":4},"end":{"line":116,"column":19}},"74":{"start":{"line":117,"column":4},"end":{"line":117,"column":38}},"75":{"start":{"line":121,"column":4},"end":{"line":121,"column":26}},"76":{"start":{"line":125,"column":4},"end":{"line":125,"column":26}},"77":{"start":{"line":129,"column":4},"end":{"line":129,"column":24}},"78":{"start":{"line":133,"column":4},"end":{"line":133,"column":24}},"79":{"start":{"line":134,"column":4},"end":{"line":134,"column":27}},"80":{"start":{"line":7,"column":0},"end":{"line":7,"column":13}}},"fnMap":{"0":{"name":"(anonymous_9)","decl":{"start":{"line":13,"column":2},"end":{"line":13,"column":null}},"loc":{"start":{"line":16,"column":54},"end":{"line":17,"column":6}}},"1":{"name":"(anonymous_10)","decl":{"start":{"line":19,"column":2},"end":{"line":19,"column":7}},"loc":{"start":{"line":19,"column":13},"end":{"line":106,"column":3}}},"2":{"name":"(anonymous_11)","decl":{"start":{"line":36,"column":23},"end":{"line":36,"column":24}},"loc":{"start":{"line":36,"column":35},"end":{"line":105,"column":5}}},"3":{"name":"(anonymous_12)","decl":{"start":{"line":46,"column":31},"end":{"line":46,"column":34}},"loc":{"start":{"line":46,"column":36},"end":{"line":56,"column":7}}},"4":{"name":"(anonymous_13)","decl":{"start":{"line":58,"column":31},"end":{"line":58,"column":34}},"loc":{"start":{"line":58,"column":36},"end":{"line":66,"column":7}}},"5":{"name":"(anonymous_14)","decl":{"start":{"line":71,"column":38},"end":{"line":71,"column":39}},"loc":{"start":{"line":71,"column":47},"end":{"line":80,"column":7}}},"6":{"name":"(anonymous_15)","decl":{"start":{"line":77,"column":39},"end":{"line":77,"column":46}},"loc":{"start":{"line":77,"column":50},"end":{"line":77,"column":67}}},"7":{"name":"(anonymous_16)","decl":{"start":{"line":82,"column":38},"end":{"line":82,"column":39}},"loc":{"start":{"line":82,"column":47},"end":{"line":86,"column":7}}},"8":{"name":"(anonymous_17)","decl":{"start":{"line":88,"column":31},"end":{"line":88,"column":32}},"loc":{"start":{"line":88,"column":40},"end":{"line":98,"column":7}}},"9":{"name":"(anonymous_18)","decl":{"start":{"line":100,"column":31},"end":{"line":100,"column":32}},"loc":{"start":{"line":100,"column":39},"end":{"line":104,"column":7}}},"10":{"name":"(anonymous_19)","decl":{"start":{"line":108,"column":2},"end":{"line":108,"column":6}},"loc":{"start":{"line":108,"column":6},"end":{"line":118,"column":3}}},"11":{"name":"(anonymous_20)","decl":{"start":{"line":120,"column":2},"end":{"line":120,"column":14}},"loc":{"start":{"line":120,"column":14},"end":{"line":122,"column":3}}},"12":{"name":"(anonymous_21)","decl":{"start":{"line":124,"column":2},"end":{"line":124,"column":9}},"loc":{"start":{"line":124,"column":9},"end":{"line":126,"column":3}}},"13":{"name":"(anonymous_22)","decl":{"start":{"line":128,"column":2},"end":{"line":128,"column":11}},"loc":{"start":{"line":128,"column":11},"end":{"line":130,"column":3}}},"14":{"name":"(anonymous_23)","decl":{"start":{"line":132,"column":10},"end":{"line":132,"column":17}},"loc":{"start":{"line":132,"column":17},"end":{"line":135,"column":3}}}},"branchMap":{"0":{"loc":{"start":{"line":20,"column":4},"end":{"line":23,"column":5}},"type":"if","locations":[{"start":{"line":20,"column":4},"end":{"line":23,"column":5}},{"start":{},"end":{}}]},"1":{"loc":{"start":{"line":27,"column":4},"end":{"line":31,"column":5}},"type":"if","locations":[{"start":{"line":27,"column":4},"end":{"line":31,"column":5}},{"start":{},"end":{}}]},"2":{"loc":{"start":{"line":47,"column":8},"end":{"line":47,"column":29}},"type":"if","locations":[{"start":{"line":47,"column":8},"end":{"line":47,"column":29}},{"start":{},"end":{}}]},"3":{"loc":{"start":{"line":59,"column":8},"end":{"line":59,"column":29}},"type":"if","locations":[{"start":{"line":59,"column":8},"end":{"line":59,"column":29}},{"start":{},"end":{}}]},"4":{"loc":{"start":{"line":77,"column":8},"end":{"line":79,"column":9}},"type":"if","locations":[{"start":{"line":77,"column":8},"end":{"line":79,"column":9}},{"start":{},"end":{}}]},"5":{"loc":{"start":{"line":91,"column":38},"end":{"line":91,"column":67}},"type":"cond-expr","locations":[{"start":{"line":91,"column":51},"end":{"line":91,"column":57}},{"start":{"line":91,"column":60},"end":{"line":91,"column":67}}]},"6":{"loc":{"start":{"line":93,"column":8},"end":{"line":95,"column":9}},"type":"if","locations":[{"start":{"line":93,"column":8},"end":{"line":95,"column":9}},{"start":{},"end":{}}]},"7":{"loc":{"start":{"line":93,"column":12},"end":{"line":93,"column":39}},"type":"binary-expr","locations":[{"start":{"line":93,"column":12},"end":{"line":93,"column":22}},{"start":{"line":93,"column":26},"end":{"line":93,"column":39}}]},"8":{"loc":{"start":{"line":109,"column":4},"end":{"line":112,"column":5}},"type":"if","locations":[{"start":{"line":109,"column":4},"end":{"line":112,"column":5}},{"start":{},"end":{}}]}},"s":{"0":2,"1":2,"2":2,"3":2,"4":2,"5":14,"6":14,"7":14,"8":14,"9":14,"10":14,"11":14,"12":14,"13":0,"14":0,"15":14,"16":14,"17":1,"18":1,"19":1,"20":13,"21":13,"22":13,"23":13,"24":13,"25":13,"26":8,"27":0,"28":8,"29":8,"30":8,"31":8,"32":8,"33":8,"34":8,"35":8,"36":13,"37":2,"38":0,"39":2,"40":2,"41":2,"42":2,"43":2,"44":2,"45":13,"46":13,"47":262,"48":262,"49":262,"50":262,"51":1042,"52":8,"53":13,"54":2,"55":2,"56":2,"57":13,"58":3,"59":3,"60":3,"61":3,"62":1,"63":3,"64":13,"65":1,"66":1,"67":1,"68":4,"69":1,"70":1,"71":3,"72":3,"73":3,"74":3,"75":7,"76":2,"77":1,"78":8,"79":8,"80":2},"f":{"0":14,"1":14,"2":13,"3":8,"4":2,"5":262,"6":1042,"7":2,"8":3,"9":1,"10":4,"11":7,"12":2,"13":1,"14":8},"b":{"0":[0,14],"1":[1,13],"2":[0,8],"3":[0,2],"4":[8,254],"5":[2,1],"6":[1,2],"7":[3,1],"8":[1,3]}}
,"D:\\work\\model-runner-plugin\\src\\constants.ts": {"path":"D:\\work\\model-runner-plugin\\src\\constants.ts","statementMap":{"0":{"start":{"line":3,"column":13},"end":{"line":3,"column":33}},"1":{"start":{"line":5,"column":13},"end":{"line":11,"column":2}},"2":{"start":{"line":13,"column":13},"end":{"line":18,"column":2}},"3":{"start":{"line":20,"column":13},"end":{"line":24,"column":2}}},"fnMap":{},"branchMap":{},"s":{"0":3,"1":3,"2":3,"3":3},"f":{},"b":{}}
}
