TN:
SF:src\ConfigManager.ts
FN:30,(anonymous_9)
FN:37,(anonymous_10)
FN:55,(anonymous_11)
FN:69,(anonymous_12)
FN:76,(anonymous_13)
FN:79,(anonymous_14)
FN:89,(anonymous_15)
FN:96,(anonymous_16)
FN:112,(anonymous_17)
FN:128,(anonymous_18)
FN:144,(anonymous_19)
FNF:11
FNH:11
FNDA:26,(anonymous_9)
FNDA:19,(anonymous_10)
FNDA:9,(anonymous_11)
FNDA:4,(anonymous_12)
FNDA:4,(anonymous_13)
FNDA:6,(anonymous_14)
FNDA:5,(anonymous_15)
FNDA:3,(anonymous_16)
FNDA:2,(anonymous_17)
FNDA:7,(anonymous_18)
FNDA:3,(anonymous_19)
DA:1,1
DA:2,1
DA:26,1
DA:28,26
DA:31,26
DA:38,19
DA:39,19
DA:40,2
DA:43,17
DA:44,17
DA:45,16
DA:47,3
DA:48,3
DA:56,9
DA:57,9
DA:58,9
DA:59,8
DA:61,1
DA:62,1
DA:70,4
DA:77,4
DA:79,6
DA:90,5
DA:97,3
DA:98,0
DA:101,3
DA:102,2
DA:105,1
DA:106,1
DA:113,2
DA:114,0
DA:117,2
DA:118,0
DA:121,2
DA:122,2
DA:129,7
DA:130,0
DA:133,7
DA:134,4
DA:137,3
DA:138,3
DA:145,3
LF:42
LH:38
BRDA:39,0,0,2
BRDA:39,0,1,17
BRDA:77,1,0,1
BRDA:77,1,1,3
BRDA:90,2,0,5
BRDA:90,2,1,1
BRDA:97,3,0,0
BRDA:97,3,1,3
BRDA:101,4,0,2
BRDA:101,4,1,1
BRDA:113,5,0,0
BRDA:113,5,1,2
BRDA:117,6,0,0
BRDA:117,6,1,2
BRDA:129,7,0,0
BRDA:129,7,1,7
BRDA:133,8,0,4
BRDA:133,8,1,3
BRDA:133,9,0,7
BRDA:133,9,1,4
BRDA:145,10,0,3
BRDA:145,10,1,0
BRF:22
BRH:17
end_of_record
TN:
SF:src\ModelRunnerView.ts
FN:11,(anonymous_0)
FN:15,(anonymous_1)
FN:19,(anonymous_2)
FN:23,(anonymous_3)
FN:27,(anonymous_4)
FN:40,(anonymous_5)
FN:45,(anonymous_6)
FN:52,(anonymous_7)
FN:55,(anonymous_8)
FN:58,(anonymous_9)
FN:61,(anonymous_10)
FN:63,(anonymous_11)
FN:67,(anonymous_12)
FN:72,(anonymous_13)
FN:81,(anonymous_14)
FN:87,(anonymous_15)
FN:127,(anonymous_16)
FN:145,(anonymous_17)
FN:150,(anonymous_18)
FNF:19
FNH:13
FNDA:15,(anonymous_0)
FNDA:1,(anonymous_1)
FNDA:1,(anonymous_2)
FNDA:1,(anonymous_3)
FNDA:10,(anonymous_4)
FNDA:10,(anonymous_5)
FNDA:10,(anonymous_6)
FNDA:0,(anonymous_7)
FNDA:0,(anonymous_8)
FNDA:0,(anonymous_9)
FNDA:0,(anonymous_10)
FNDA:0,(anonymous_11)
FNDA:10,(anonymous_12)
FNDA:10,(anonymous_13)
FNDA:0,(anonymous_14)
FNDA:11,(anonymous_15)
FNDA:270,(anonymous_16)
FNDA:1,(anonymous_17)
FNDA:1,(anonymous_18)
DA:1,1
DA:3,1
DA:5,1
DA:7,1
DA:11,15
DA:12,15
DA:16,1
DA:20,1
DA:24,1
DA:28,10
DA:29,10
DA:31,10
DA:32,10
DA:34,10
DA:35,10
DA:36,10
DA:37,10
DA:41,10
DA:42,10
DA:46,10
DA:48,10
DA:52,10
DA:54,10
DA:55,10
DA:57,10
DA:58,10
DA:60,10
DA:61,10
DA:62,0
DA:63,0
DA:68,10
DA:69,10
DA:73,10
DA:74,10
DA:76,10
DA:77,10
DA:81,10
DA:83,10
DA:84,10
DA:88,11
DA:89,11
DA:91,11
DA:93,11
DA:94,11
DA:98,11
DA:102,0
DA:103,0
DA:104,0
DA:105,0
DA:108,0
DA:109,0
DA:110,0
DA:113,0
DA:114,0
DA:115,0
DA:120,0
DA:121,0
DA:128,270
DA:130,269
DA:131,269
DA:132,269
DA:133,269
DA:136,269
DA:139,269
DA:140,269
DA:141,0
DA:146,1
DA:147,1
LF:68
LH:53
BRDA:29,0,0,0
BRDA:29,0,1,10
BRDA:93,1,0,11
BRDA:93,1,1,0
BRDA:116,2,0,0
BRDA:116,2,1,0
BRDA:127,3,0,0
BRDA:128,4,0,1
BRDA:128,4,1,269
BRDA:140,5,0,0
BRDA:140,5,1,269
BRF:11
BRH:5
end_of_record
TN:
SF:src\ProcessManager.ts
FN:13,(anonymous_9)
FN:19,(anonymous_10)
FN:36,(anonymous_11)
FN:46,(anonymous_12)
FN:58,(anonymous_13)
FN:71,(anonymous_14)
FN:77,(anonymous_15)
FN:82,(anonymous_16)
FN:88,(anonymous_17)
FN:100,(anonymous_18)
FN:108,(anonymous_19)
FN:120,(anonymous_20)
FN:124,(anonymous_21)
FN:128,(anonymous_22)
FN:132,(anonymous_23)
FNF:15
FNH:15
FNDA:14,(anonymous_9)
FNDA:14,(anonymous_10)
FNDA:13,(anonymous_11)
FNDA:8,(anonymous_12)
FNDA:2,(anonymous_13)
FNDA:262,(anonymous_14)
FNDA:1042,(anonymous_15)
FNDA:2,(anonymous_16)
FNDA:3,(anonymous_17)
FNDA:1,(anonymous_18)
FNDA:4,(anonymous_19)
FNDA:7,(anonymous_20)
FNDA:2,(anonymous_21)
FNDA:1,(anonymous_22)
FNDA:8,(anonymous_23)
DA:1,2
DA:2,2
DA:3,2
DA:4,2
DA:5,2
DA:7,2
DA:8,14
DA:9,14
DA:10,14
DA:11,14
DA:14,14
DA:15,14
DA:16,14
DA:20,14
DA:21,0
DA:22,0
DA:25,14
DA:27,14
DA:28,1
DA:29,1
DA:30,1
DA:33,13
DA:34,13
DA:36,13
DA:37,13
DA:44,13
DA:46,13
DA:47,8
DA:48,8
DA:49,8
DA:50,8
DA:51,8
DA:52,8
DA:53,8
DA:54,8
DA:55,8
DA:58,13
DA:59,2
DA:60,2
DA:61,2
DA:62,2
DA:63,2
DA:64,2
DA:65,2
DA:69,13
DA:71,13
DA:72,262
DA:73,262
DA:74,262
DA:77,1042
DA:78,8
DA:82,13
DA:83,2
DA:84,2
DA:85,2
DA:88,13
DA:89,3
DA:90,3
DA:91,3
DA:93,3
DA:94,1
DA:97,3
DA:100,13
DA:101,1
DA:102,1
DA:103,1
DA:109,4
DA:110,1
DA:111,1
DA:114,3
DA:115,3
DA:116,3
DA:117,3
DA:121,7
DA:125,2
DA:129,1
DA:133,8
DA:134,8
LF:78
LH:76
BRDA:20,0,0,0
BRDA:20,0,1,14
BRDA:27,1,0,1
BRDA:27,1,1,13
BRDA:47,2,0,0
BRDA:47,2,1,8
BRDA:59,3,0,0
BRDA:59,3,1,2
BRDA:77,4,0,8
BRDA:77,4,1,254
BRDA:91,5,0,2
BRDA:91,5,1,1
BRDA:93,6,0,1
BRDA:93,6,1,2
BRDA:93,7,0,3
BRDA:93,7,1,1
BRDA:109,8,0,1
BRDA:109,8,1,3
BRF:18
BRH:15
end_of_record
TN:
SF:src\constants.ts
FNF:0
FNH:0
DA:3,3
DA:5,3
DA:13,3
DA:20,3
LF:4
LH:4
BRF:0
BRH:0
end_of_record
